2025-08-29 23:58:10.579027 - Login Success
2025-08-29 23:58:19.273333 - OTP Verified
2025-08-29 23:58:26.764207 - Exported passwords
2025-08-29 23:58:40.071350 - Imported passwords
2025-08-30 00:00:42.907794 - Login Success
2025-08-30 00:03:59.938715 - Login Success
2025-08-30 00:04:14.049141 - Login Success
2025-08-30 00:04:23.989277 - OTP Verified
2025-08-30 00:04:56.854747 - Added password for gmail
2025-08-30 00:07:15.940759 - Login Success
2025-08-30 00:07:23.249274 - OTP Verified
2025-08-30 00:08:31.079159 - Added password for gmail
2025-08-30 00:09:52.642058 - Added password for gmail
2025-08-30 00:10:28.468598 - Added password for gmail
2025-08-30 00:16:23.788953 - Login Success
2025-08-30 00:16:31.788717 - OTP Verified
2025-08-30 00:19:53.285664 - Login Success
2025-08-30 00:20:01.160882 - OTP Verified
2025-08-30 00:20:52.533191 - Login Success
2025-08-30 00:20:58.755359 - OTP Verified
2025-08-30 00:23:46.418596 - Login Success
2025-08-30 00:23:53.219521 - OTP Verified
2025-08-30 00:40:19.882826 - Login Success
2025-08-30 00:40:32.401482 - OTP Verified
